<?xml version="1.0" encoding="UTF-8"?>
<testng-results ignored="0" total="1" passed="1" failed="0" skipped="0">
  <reporter-output>
    <line>
      <![CDATA[Email entered 
]]>
    </line>
    <line>
      <![CDATA[Password entered]]>
    </line>
    <line>
      <![CDATA[user is successfully logged in]]>
    </line>
    <line>
      <![CDATA[Menu bar is visibe]]>
    </line>
    <line>
      <![CDATA[Home option found]]>
    </line>
    <line>
      <![CDATA[Home option Clicked]]>
    </line>
    <line>
      <![CDATA[Search bar found]]>
    </line>
  </reporter-output>
  <suite started-at="2021-05-15T20:23:00 ADT" name="Default suite" finished-at="2021-05-15T20:23:52 ADT" duration-ms="51725">
    <groups>
    </groups>
    <test started-at="2021-05-15T20:23:00 ADT" name="Default test" finished-at="2021-05-15T20:23:52 ADT" duration-ms="51725">
      <class name="tests.AmazonTest">
        <test-method is-config="true" signature="setup()[pri:0, instance:tests.AmazonTest@47faa49c]" started-at="2021-05-15T20:23:00 ADT" name="setup" finished-at="2021-05-15T20:23:16 ADT" duration-ms="15785" status="PASS">
          <reporter-output>
          </reporter-output>
        </test-method> <!-- setup -->
        <test-method signature="amazonTShirtTest()[pri:0, instance:tests.AmazonTest@47faa49c]" started-at="2021-05-15T20:23:16 ADT" name="amazonTShirtTest" finished-at="2021-05-15T20:23:52 ADT" duration-ms="35901" status="PASS">
          <reporter-output>
            <line>
              <![CDATA[Email entered 
]]>
            </line>
            <line>
              <![CDATA[Password entered]]>
            </line>
            <line>
              <![CDATA[user is successfully logged in]]>
            </line>
            <line>
              <![CDATA[Menu bar is visibe]]>
            </line>
            <line>
              <![CDATA[Home option found]]>
            </line>
            <line>
              <![CDATA[Home option Clicked]]>
            </line>
            <line>
              <![CDATA[Search bar found]]>
            </line>
          </reporter-output>
        </test-method> <!-- amazonTShirtTest -->
        <test-method is-config="true" signature="teardown()[pri:0, instance:tests.AmazonTest@47faa49c]" started-at="2021-05-15T20:23:52 ADT" name="teardown" finished-at="2021-05-15T20:23:52 ADT" duration-ms="34" status="FAIL">
          <exception class="org.openqa.selenium.UnsupportedCommandException">
            <message>
              <![CDATA[The requested resource could not be found, or a request was received using an HTTP method that is not supported by the mapped resource
Build info: version: '3.141.59', revision: 'e82be7d358', time: '2018-11-14T08:17:03'
System info: host: 'DESKTOP-SIJIMV5', ip: '192.168.0.86', os.name: 'Windows 10', os.arch: 'amd64', os.version: '10.0', java.version: '11.0.2'
Driver info: io.appium.java_client.android.AndroidDriver
Capabilities {app: C:\Users\jakku\git\AmazonMo..., app-Activity: com.amazon.mShop.sso.Signin..., app-Package: com.amazon.mShop.android.sh..., appPackage: com.amazon.mShop.android.sh..., automationName: UiAutomator2, databaseEnabled: false, desired: {app: C:\Users\jakku\git\AmazonMo..., app-Activity: com.amazon.mShop.sso.Signin..., app-Package: com.amazon.mShop.android.sh..., automationName: UiAutomator2, deviceName: Galaxy S9+, newCommandTimeout: 60, platformName: android, platformVersion: 9, udid: 335a4f454f553098}, deviceApiLevel: 28, deviceManufacturer: samsung, deviceModel: SM-G965W, deviceName: 335a4f454f553098, deviceScreenDensity: 420, deviceScreenSize: 1080x2220, deviceUDID: 335a4f454f553098, javascriptEnabled: true, locationContextEnabled: false, networkConnectionEnabled: true, newCommandTimeout: 60, pixelRatio: 2.625, platform: LINUX, platformName: ANDROID, platformVersion: 9, statBarHeight: 63, takesScreenshot: true, udid: 335a4f454f553098, viewportRect: {height: 2031, left: 0, top: 63, width: 1080}, warnings: {}, webStorageEnabled: false}
Session ID: 1975dbfd-7259-48d6-b887-0d4a5014a0bc]]>
            </message>
            <full-stacktrace>
              <![CDATA[org.openqa.selenium.UnsupportedCommandException: The requested resource could not be found, or a request was received using an HTTP method that is not supported by the mapped resource
Build info: version: '3.141.59', revision: 'e82be7d358', time: '2018-11-14T08:17:03'
System info: host: 'DESKTOP-SIJIMV5', ip: '192.168.0.86', os.name: 'Windows 10', os.arch: 'amd64', os.version: '10.0', java.version: '11.0.2'
Driver info: io.appium.java_client.android.AndroidDriver
Capabilities {app: C:\Users\jakku\git\AmazonMo..., app-Activity: com.amazon.mShop.sso.Signin..., app-Package: com.amazon.mShop.android.sh..., appPackage: com.amazon.mShop.android.sh..., automationName: UiAutomator2, databaseEnabled: false, desired: {app: C:\Users\jakku\git\AmazonMo..., app-Activity: com.amazon.mShop.sso.Signin..., app-Package: com.amazon.mShop.android.sh..., automationName: UiAutomator2, deviceName: Galaxy S9+, newCommandTimeout: 60, platformName: android, platformVersion: 9, udid: 335a4f454f553098}, deviceApiLevel: 28, deviceManufacturer: samsung, deviceModel: SM-G965W, deviceName: 335a4f454f553098, deviceScreenDensity: 420, deviceScreenSize: 1080x2220, deviceUDID: 335a4f454f553098, javascriptEnabled: true, locationContextEnabled: false, networkConnectionEnabled: true, newCommandTimeout: 60, pixelRatio: 2.625, platform: LINUX, platformName: ANDROID, platformVersion: 9, statBarHeight: 63, takesScreenshot: true, udid: 335a4f454f553098, viewportRect: {height: 2031, left: 0, top: 63, width: 1080}, warnings: {}, webStorageEnabled: false}
Session ID: 1975dbfd-7259-48d6-b887-0d4a5014a0bc
at java.base/jdk.internal.reflect.NativeConstructorAccessorImpl.newInstance0(Native Method)
at java.base/jdk.internal.reflect.NativeConstructorAccessorImpl.newInstance(NativeConstructorAccessorImpl.java:62)
at java.base/jdk.internal.reflect.DelegatingConstructorAccessorImpl.newInstance(DelegatingConstructorAccessorImpl.java:45)
at java.base/java.lang.reflect.Constructor.newInstance(Constructor.java:490)
at org.openqa.selenium.remote.http.W3CHttpResponseCodec.createException(W3CHttpResponseCodec.java:187)
at org.openqa.selenium.remote.http.W3CHttpResponseCodec.decode(W3CHttpResponseCodec.java:122)
at org.openqa.selenium.remote.http.W3CHttpResponseCodec.decode(W3CHttpResponseCodec.java:49)
at org.openqa.selenium.remote.HttpCommandExecutor.execute(HttpCommandExecutor.java:158)
at io.appium.java_client.remote.AppiumCommandExecutor.execute(AppiumCommandExecutor.java:247)
at org.openqa.selenium.remote.RemoteWebDriver.execute(RemoteWebDriver.java:552)
at io.appium.java_client.DefaultGenericMobileDriver.execute(DefaultGenericMobileDriver.java:45)
at io.appium.java_client.AppiumDriver.execute(AppiumDriver.java:1)
at io.appium.java_client.android.AndroidDriver.execute(AndroidDriver.java:1)
at org.openqa.selenium.remote.RemoteWebDriver.close(RemoteWebDriver.java:442)
at tests.BaseClass.teardown(BaseClass.java:55)
at java.base/jdk.internal.reflect.NativeMethodAccessorImpl.invoke0(Native Method)
at java.base/jdk.internal.reflect.NativeMethodAccessorImpl.invoke(NativeMethodAccessorImpl.java:62)
at java.base/jdk.internal.reflect.DelegatingMethodAccessorImpl.invoke(DelegatingMethodAccessorImpl.java:43)
at java.base/java.lang.reflect.Method.invoke(Method.java:566)
at org.testng.internal.MethodInvocationHelper.invokeMethod(MethodInvocationHelper.java:133)
at org.testng.internal.MethodInvocationHelper.invokeMethodConsideringTimeout(MethodInvocationHelper.java:62)
at org.testng.internal.ConfigInvoker.invokeConfigurationMethod(ConfigInvoker.java:385)
at org.testng.internal.ConfigInvoker.invokeConfigurations(ConfigInvoker.java:321)
at org.testng.SuiteRunner.privateRun(SuiteRunner.java:344)
at org.testng.SuiteRunner.run(SuiteRunner.java:276)
at org.testng.SuiteRunnerWorker.runSuite(SuiteRunnerWorker.java:53)
at org.testng.SuiteRunnerWorker.run(SuiteRunnerWorker.java:96)
at org.testng.TestNG.runSuitesSequentially(TestNG.java:1212)
at org.testng.TestNG.runSuitesLocally(TestNG.java:1134)
at org.testng.TestNG.runSuites(TestNG.java:1063)
at org.testng.TestNG.run(TestNG.java:1031)
at org.testng.remote.AbstractRemoteTestNG.run(AbstractRemoteTestNG.java:115)
at org.testng.remote.RemoteTestNG.initAndRun(RemoteTestNG.java:251)
at org.testng.remote.RemoteTestNG.main(RemoteTestNG.java:77)
]]>
            </full-stacktrace>
          </exception> <!-- org.openqa.selenium.UnsupportedCommandException -->
          <reporter-output>
          </reporter-output>
        </test-method> <!-- teardown -->
      </class> <!-- tests.AmazonTest -->
    </test> <!-- Default test -->
  </suite> <!-- Default suite -->
</testng-results>
